#
# There is insufficient memory for the Java Runtime Environment to continue.
# Native memory allocation (malloc) failed to allocate 955216 bytes for Chunk::new
# Possible reasons:
#   The system is out of physical RAM or swap space
#   The process is running with CompressedOops enabled, and the Java Heap may be blocking the growth of the native heap
# Possible solutions:
#   Reduce memory load on the system
#   Increase physical memory or swap space
#   Check if swap backing store is full
#   Decrease Java heap size (-Xmx/-Xms)
#   Decrease number of Java threads
#   Decrease Java thread stack sizes (-Xss)
#   Set larger code cache with -XX:ReservedCodeCacheSize=
#   JVM is running with Unscaled Compressed Oops mode in which the Java heap is
#     placed in the first 4GB address space. The Java Heap base address is the
#     maximum limit for the native heap growth. Please use -XX:HeapBaseMinAddress
#     to set the Java Heap base and to place the Java Heap above 4GB virtual address.
# This output file may be truncated or incomplete.
#
#  Out of Memory Error (allocation.cpp:389), pid=11072, tid=0x000000000000204c
#
# JRE version: Java(TM) SE Runtime Environment (8.0_261-b12) (build 1.8.0_261-b12)
# Java VM: Java HotSpot(TM) 64-Bit Server VM (25.261-b12 mixed mode windows-amd64 compressed oops)
# Failed to write core dump. Minidumps are not enabled by default on client versions of Windows
#

---------------  T H R E A D  ---------------

Current thread (0x00000188bb75f000):  JavaThread "C2 CompilerThread1" daemon [_thread_in_native, id=8268, stack(0x0000007809000000,0x0000007809100000)]

Stack: [0x0000007809000000,0x0000007809100000]
Native frames: (J=compiled Java code, j=interpreted, Vv=VM code, C=native code)
V  [jvm.dll+0x33e5f9]
V  [jvm.dll+0x2850e2]
V  [jvm.dll+0x285d8d]
V  [jvm.dll+0x27c895]
V  [jvm.dll+0xe4d6c]
V  [jvm.dll+0xe556c]
V  [jvm.dll+0x461812]
V  [jvm.dll+0x49cc3d]
V  [jvm.dll+0x451354]
V  [jvm.dll+0x44eb84]
V  [jvm.dll+0x439bc7]
V  [jvm.dll+0xbbbcb]
V  [jvm.dll+0xba22b]
V  [jvm.dll+0x24d962]
V  [jvm.dll+0x2a1cfc]
C  [ucrtbase.dll+0x21bb2]
C  [KERNEL32.DLL+0x17034]
C  [ntdll.dll+0x52651]


Current CompileTask:
C2:   9778 1561   !   4       java.net.URLClassLoader$1::run (63 bytes)


---------------  P R O C E S S  ---------------

Java Threads: ( => current thread )
  0x00000188bd723000 JavaThread "Daemon client event forwarder" [_thread_blocked, id=16268, stack(0x0000007809d00000,0x0000007809e00000)]
  0x00000188bd721800 JavaThread "Stdin handler" [_thread_blocked, id=4712, stack(0x0000007809c00000,0x0000007809d00000)]
  0x00000188bd71e800 JavaThread "Asynchronous log dispatcher for DefaultDaemonConnection: socket connection from /127.0.0.1:62273 to /127.0.0.1:62274" [_thread_blocked, id=1184, stack(0x0000007809b00000,0x0000007809c00000)]
  0x00000188bd726000 JavaThread "Daemon worker" [_thread_in_Java, id=13880, stack(0x0000007809a00000,0x0000007809b00000)]
  0x00000188bd71d800 JavaThread "Cancel handler" [_thread_blocked, id=18172, stack(0x0000007809900000,0x0000007809a00000)]
  0x00000188bc8b2000 JavaThread "Handler for socket connection from /127.0.0.1:62273 to /127.0.0.1:62274" [_thread_in_native, id=17216, stack(0x0000007809800000,0x0000007809900000)]
  0x00000188bc8b1800 JavaThread "Daemon" [_thread_blocked, id=4952, stack(0x0000007809700000,0x0000007809800000)]
  0x00000188bc389800 JavaThread "Daemon periodic checks" [_thread_blocked, id=14324, stack(0x0000007809600000,0x0000007809700000)]
  0x00000188bcfea800 JavaThread "Incoming local TCP Connector on port 62273" [_thread_in_native, id=14696, stack(0x0000007809500000,0x0000007809600000)]
  0x00000188bc4e2000 JavaThread "Daemon health stats" [_thread_blocked, id=16480, stack(0x0000007809400000,0x0000007809500000)]
  0x00000188bb7bc800 JavaThread "Service Thread" daemon [_thread_blocked, id=16824, stack(0x0000007809200000,0x0000007809300000)]
  0x00000188bb760000 JavaThread "C1 CompilerThread2" daemon [_thread_blocked, id=6096, stack(0x0000007809100000,0x0000007809200000)]
=>0x00000188bb75f000 JavaThread "C2 CompilerThread1" daemon [_thread_in_native, id=8268, stack(0x0000007809000000,0x0000007809100000)]
  0x00000188bb73c800 JavaThread "C2 CompilerThread0" daemon [_thread_in_native, id=16312, stack(0x0000007808f00000,0x0000007809000000)]
  0x00000188bb737000 JavaThread "Attach Listener" daemon [_thread_blocked, id=4780, stack(0x0000007808e00000,0x0000007808f00000)]
  0x00000188bb736000 JavaThread "Signal Dispatcher" daemon [_thread_blocked, id=16576, stack(0x0000007808d00000,0x0000007808e00000)]
  0x00000188bb70d000 JavaThread "Finalizer" daemon [_thread_blocked, id=11400, stack(0x0000007808c00000,0x0000007808d00000)]
  0x00000188bb706000 JavaThread "Reference Handler" daemon [_thread_blocked, id=8600, stack(0x0000007808b00000,0x0000007808c00000)]
  0x00000188a4eef000 JavaThread "main" [_thread_blocked, id=2712, stack(0x0000007808500000,0x0000007808600000)]

Other Threads:
  0x00000188bb6e3000 VMThread [stack: 0x0000007808a00000,0x0000007808b00000] [id=4636]
  0x00000188bb79f000 WatcherThread [stack: 0x0000007809300000,0x0000007809400000] [id=3164]

VM state:not at safepoint (normal execution)

VM Mutex/Monitor currently owned by a thread: None

heap address: 0x0000000080000000, size: 2048 MB, Compressed Oops mode: 32-bit
Narrow klass base: 0x0000000000000000, Narrow klass shift: 3
Compressed class space size: 1073741824 Address: 0x0000000100000000

Heap:
 PSYoungGen      total 70144K, used 13582K [0x00000000d5580000, 0x00000000da280000, 0x0000000100000000)
  eden space 64512K, 12% used [0x00000000d5580000,0x00000000d5d49cb8,0x00000000d9480000)
  from space 5632K, 99% used [0x00000000d9b00000,0x00000000da079cf0,0x00000000da080000)
  to   space 6656K, 0% used [0x00000000d9480000,0x00000000d9480000,0x00000000d9b00000)
 ParOldGen       total 44032K, used 6233K [0x0000000080000000, 0x0000000082b00000, 0x00000000d5580000)
  object space 44032K, 14% used [0x0000000080000000,0x0000000080616440,0x0000000082b00000)
 Metaspace       used 14799K, capacity 15318K, committed 15616K, reserved 1062912K
  class space    used 2073K, capacity 2209K, committed 2304K, reserved 1048576K

Card table byte_map: [0x00000188b5bf0000,0x00000188b6000000] byte_map_base: 0x00000188b57f0000

Marking Bits: (ParMarkBitMap*) 0x0000000057334fb0
 Begin Bits: [0x00000188b62b0000, 0x00000188b82b0000)
 End Bits:   [0x00000188b82b0000, 0x00000188ba2b0000)

Polling page: 0x00000188a4e80000

CodeCache: size=245760Kb used=5017Kb max_used=5310Kb free=240743Kb
 bounds [0x00000188a6830000, 0x00000188a6d70000, 0x00000188b5830000]
 total_blobs=1852 nmethods=1440 adapters=324
 compilation: enabled

Compilation events (10 events):
Event: 9.562 Thread 0x00000188bb760000 1565       3       sun.reflect.generics.factory.CoreReflectionFactory::getDeclsLoader (85 bytes)
Event: 9.565 Thread 0x00000188bb760000 nmethod 1565 0x00000188a69d86d0 code [0x00000188a69d8a20, 0x00000188a69dace0]
Event: 9.565 Thread 0x00000188bb760000 1566       3       java.util.Collections::emptyIterator (4 bytes)
Event: 9.565 Thread 0x00000188bb760000 nmethod 1566 0x00000188a69592d0 code [0x00000188a6959420, 0x00000188a6959558]
Event: 9.573 Thread 0x00000188bb760000 1567       3       sun.reflect.generics.visitor.Reifier::make (9 bytes)
Event: 9.574 Thread 0x00000188bb760000 nmethod 1567 0x00000188a69c6910 code [0x00000188a69c6a80, 0x00000188a69c6cd8]
Event: 9.574 Thread 0x00000188bb760000 1568       3       sun.reflect.generics.visitor.Reifier::<init> (10 bytes)
Event: 9.574 Thread 0x00000188bb760000 nmethod 1568 0x00000188a69c6550 code [0x00000188a69c66a0, 0x00000188a69c6878]
Event: 9.659 Thread 0x00000188bb760000 1569       3       sun.reflect.generics.visitor.Reifier::getResult (26 bytes)
Event: 9.659 Thread 0x00000188bb760000 nmethod 1569 0x00000188a69c6210 code [0x00000188a69c6360, 0x00000188a69c64d8]

GC Heap History (10 events):
Event: 5.097 GC heap before
{Heap before GC invocations=2 (full 0):
 PSYoungGen      total 18944K, used 18464K [0x00000000d5580000, 0x00000000d6a80000, 0x0000000100000000)
  eden space 16384K, 100% used [0x00000000d5580000,0x00000000d6580000,0x00000000d6580000)
  from space 2560K, 81% used [0x00000000d6580000,0x00000000d6788020,0x00000000d6800000)
  to   space 2560K, 0% used [0x00000000d6800000,0x00000000d6800000,0x00000000d6a80000)
 ParOldGen       total 44032K, used 8K [0x0000000080000000, 0x0000000082b00000, 0x00000000d5580000)
  object space 44032K, 0% used [0x0000000080000000,0x0000000080002000,0x0000000082b00000)
 Metaspace       used 7117K, capacity 7426K, committed 7680K, reserved 1056768K
  class space    used 899K, capacity 991K, committed 1024K, reserved 1048576K
Event: 5.108 GC heap after
Heap after GC invocations=2 (full 0):
 PSYoungGen      total 18944K, used 2558K [0x00000000d5580000, 0x00000000d6a80000, 0x0000000100000000)
  eden space 16384K, 0% used [0x00000000d5580000,0x00000000d5580000,0x00000000d6580000)
  from space 2560K, 99% used [0x00000000d6800000,0x00000000d6a7fa48,0x00000000d6a80000)
  to   space 2560K, 0% used [0x00000000d6580000,0x00000000d6580000,0x00000000d6800000)
 ParOldGen       total 44032K, used 1366K [0x0000000080000000, 0x0000000082b00000, 0x00000000d5580000)
  object space 44032K, 3% used [0x0000000080000000,0x0000000080155940,0x0000000082b00000)
 Metaspace       used 7117K, capacity 7426K, committed 7680K, reserved 1056768K
  class space    used 899K, capacity 991K, committed 1024K, reserved 1048576K
}
Event: 5.597 GC heap before
{Heap before GC invocations=3 (full 0):
 PSYoungGen      total 18944K, used 18942K [0x00000000d5580000, 0x00000000d6a80000, 0x0000000100000000)
  eden space 16384K, 100% used [0x00000000d5580000,0x00000000d6580000,0x00000000d6580000)
  from space 2560K, 99% used [0x00000000d6800000,0x00000000d6a7fa48,0x00000000d6a80000)
  to   space 2560K, 0% used [0x00000000d6580000,0x00000000d6580000,0x00000000d6800000)
 ParOldGen       total 44032K, used 1366K [0x0000000080000000, 0x0000000082b00000, 0x00000000d5580000)
  object space 44032K, 3% used [0x0000000080000000,0x0000000080155940,0x0000000082b00000)
 Metaspace       used 7789K, capacity 8076K, committed 8320K, reserved 1056768K
  class space    used 981K, capacity 1058K, committed 1152K, reserved 1048576K
Event: 5.608 GC heap after
Heap after GC invocations=3 (full 0):
 PSYoungGen      total 18944K, used 2535K [0x00000000d5580000, 0x00000000d7a80000, 0x0000000100000000)
  eden space 16384K, 0% used [0x00000000d5580000,0x00000000d5580000,0x00000000d6580000)
  from space 2560K, 99% used [0x00000000d6580000,0x00000000d67f9d10,0x00000000d6800000)
  to   space 2560K, 0% used [0x00000000d7800000,0x00000000d7800000,0x00000000d7a80000)
 ParOldGen       total 44032K, used 1976K [0x0000000080000000, 0x0000000082b00000, 0x00000000d5580000)
  object space 44032K, 4% used [0x0000000080000000,0x00000000801ee258,0x0000000082b00000)
 Metaspace       used 7789K, capacity 8076K, committed 8320K, reserved 1056768K
  class space    used 981K, capacity 1058K, committed 1152K, reserved 1048576K
}
Event: 5.988 GC heap before
{Heap before GC invocations=4 (full 0):
 PSYoungGen      total 18944K, used 18919K [0x00000000d5580000, 0x00000000d7a80000, 0x0000000100000000)
  eden space 16384K, 100% used [0x00000000d5580000,0x00000000d6580000,0x00000000d6580000)
  from space 2560K, 99% used [0x00000000d6580000,0x00000000d67f9d10,0x00000000d6800000)
  to   space 2560K, 0% used [0x00000000d7800000,0x00000000d7800000,0x00000000d7a80000)
 ParOldGen       total 44032K, used 1976K [0x0000000080000000, 0x0000000082b00000, 0x00000000d5580000)
  object space 44032K, 4% used [0x0000000080000000,0x00000000801ee258,0x0000000082b00000)
 Metaspace       used 7864K, capacity 8172K, committed 8320K, reserved 1056768K
  class space    used 985K, capacity 1090K, committed 1152K, reserved 1048576K
Event: 5.994 GC heap after
Heap after GC invocations=4 (full 0):
 PSYoungGen      total 35328K, used 2535K [0x00000000d5580000, 0x00000000d7a80000, 0x0000000100000000)
  eden space 32768K, 0% used [0x00000000d5580000,0x00000000d5580000,0x00000000d7580000)
  from space 2560K, 99% used [0x00000000d7800000,0x00000000d7a79d10,0x00000000d7a80000)
  to   space 2560K, 0% used [0x00000000d7580000,0x00000000d7580000,0x00000000d7800000)
 ParOldGen       total 44032K, used 2640K [0x0000000080000000, 0x0000000082b00000, 0x00000000d5580000)
  object space 44032K, 5% used [0x0000000080000000,0x00000000802943d0,0x0000000082b00000)
 Metaspace       used 7864K, capacity 8172K, committed 8320K, reserved 1056768K
  class space    used 985K, capacity 1090K, committed 1152K, reserved 1048576K
}
Event: 6.909 GC heap before
{Heap before GC invocations=5 (full 0):
 PSYoungGen      total 35328K, used 35303K [0x00000000d5580000, 0x00000000d7a80000, 0x0000000100000000)
  eden space 32768K, 100% used [0x00000000d5580000,0x00000000d7580000,0x00000000d7580000)
  from space 2560K, 99% used [0x00000000d7800000,0x00000000d7a79d10,0x00000000d7a80000)
  to   space 2560K, 0% used [0x00000000d7580000,0x00000000d7580000,0x00000000d7800000)
 ParOldGen       total 44032K, used 2640K [0x0000000080000000, 0x0000000082b00000, 0x00000000d5580000)
  object space 44032K, 5% used [0x0000000080000000,0x00000000802943d0,0x0000000082b00000)
 Metaspace       used 10091K, capacity 10442K, committed 10496K, reserved 1058816K
  class space    used 1362K, capacity 1483K, committed 1536K, reserved 1048576K
Event: 6.924 GC heap after
Heap after GC invocations=5 (full 0):
 PSYoungGen      total 35328K, used 2535K [0x00000000d5580000, 0x00000000da080000, 0x0000000100000000)
  eden space 32768K, 0% used [0x00000000d5580000,0x00000000d5580000,0x00000000d7580000)
  from space 2560K, 99% used [0x00000000d7580000,0x00000000d77f9d30,0x00000000d7800000)
  to   space 5632K, 0% used [0x00000000d9b00000,0x00000000d9b00000,0x00000000da080000)
 ParOldGen       total 44032K, used 5405K [0x0000000080000000, 0x0000000082b00000, 0x00000000d5580000)
  object space 44032K, 12% used [0x0000000080000000,0x0000000080547718,0x0000000082b00000)
 Metaspace       used 10091K, capacity 10442K, committed 10496K, reserved 1058816K
  class space    used 1362K, capacity 1483K, committed 1536K, reserved 1048576K
}
Event: 9.437 GC heap before
{Heap before GC invocations=6 (full 0):
 PSYoungGen      total 35328K, used 35303K [0x00000000d5580000, 0x00000000da080000, 0x0000000100000000)
  eden space 32768K, 100% used [0x00000000d5580000,0x00000000d7580000,0x00000000d7580000)
  from space 2560K, 99% used [0x00000000d7580000,0x00000000d77f9d30,0x00000000d7800000)
  to   space 5632K, 0% used [0x00000000d9b00000,0x00000000d9b00000,0x00000000da080000)
 ParOldGen       total 44032K, used 5405K [0x0000000080000000, 0x0000000082b00000, 0x00000000d5580000)
  object space 44032K, 12% used [0x0000000080000000,0x0000000080547718,0x0000000082b00000)
 Metaspace       used 14432K, capacity 14960K, committed 15232K, reserved 1062912K
  class space    used 2010K, capacity 2176K, committed 2176K, reserved 1048576K
Event: 9.455 GC heap after
Heap after GC invocations=6 (full 0):
 PSYoungGen      total 70144K, used 5607K [0x00000000d5580000, 0x00000000da280000, 0x0000000100000000)
  eden space 64512K, 0% used [0x00000000d5580000,0x00000000d5580000,0x00000000d9480000)
  from space 5632K, 99% used [0x00000000d9b00000,0x00000000da079cf0,0x00000000da080000)
  to   space 6656K, 0% used [0x00000000d9480000,0x00000000d9480000,0x00000000d9b00000)
 ParOldGen       total 44032K, used 6233K [0x0000000080000000, 0x0000000082b00000, 0x00000000d5580000)
  object space 44032K, 14% used [0x0000000080000000,0x0000000080616440,0x0000000082b00000)
 Metaspace       used 14432K, capacity 14960K, committed 15232K, reserved 1062912K
  class space    used 2010K, capacity 2176K, committed 2176K, reserved 1048576K
}

Deoptimization events (10 events):
Event: 6.723 Thread 0x00000188a4eef000 Uncommon trap: reason=unstable_if action=reinterpret pc=0x00000188a6bf1570 method=java.util.LinkedHashMap.afterNodeInsertion(Z)V @ 1
Event: 6.724 Thread 0x00000188a4eef000 Uncommon trap: reason=unstable_if action=reinterpret pc=0x00000188a6ab6434 method=java.util.HashMap.getNode(ILjava/lang/Object;)Ljava/util/HashMap$Node; @ 129
Event: 6.725 Thread 0x00000188a4eef000 Uncommon trap: reason=bimorphic action=maybe_recompile pc=0x00000188a6aceb44 method=java.util.HashMap.putVal(ILjava/lang/Object;Ljava/lang/Object;ZZ)Ljava/lang/Object; @ 203
Event: 6.941 Thread 0x00000188a4eef000 Uncommon trap: reason=unstable_if action=reinterpret pc=0x00000188a6aa82c4 method=java.util.HashMap.getNode(ILjava/lang/Object;)Ljava/util/HashMap$Node; @ 129
Event: 6.941 Thread 0x00000188a4eef000 Uncommon trap: reason=bimorphic action=maybe_recompile pc=0x00000188a6aceb44 method=java.util.HashMap.putVal(ILjava/lang/Object;Ljava/lang/Object;ZZ)Ljava/lang/Object; @ 203
Event: 7.514 Thread 0x00000188a4eef000 Uncommon trap: reason=unstable_if action=reinterpret pc=0x00000188a6bcf7e8 method=java.io.WinNTFileSystem.normalize(Ljava/lang/String;)Ljava/lang/String; @ 128
Event: 8.655 Thread 0x00000188bc8b2000 Uncommon trap: reason=unstable_if action=reinterpret pc=0x00000188a6cb27b0 method=java.util.concurrent.ConcurrentHashMap.putVal(Ljava/lang/Object;Ljava/lang/Object;Z)Ljava/lang/Object; @ 206
Event: 8.784 Thread 0x00000188bd726000 Uncommon trap: reason=bimorphic action=maybe_recompile pc=0x00000188a6cbd930 method=java.util.HashMap.putVal(ILjava/lang/Object;Ljava/lang/Object;ZZ)Ljava/lang/Object; @ 253
Event: 8.784 Thread 0x00000188bd726000 Uncommon trap: reason=bimorphic action=maybe_recompile pc=0x00000188a6cbd930 method=java.util.HashMap.putVal(ILjava/lang/Object;Ljava/lang/Object;ZZ)Ljava/lang/Object; @ 253
Event: 9.523 Thread 0x00000188bd726000 Uncommon trap: reason=unstable_if action=reinterpret pc=0x00000188a6b9e7b8 method=java.io.File.equals(Ljava/lang/Object;)Z @ 1

Classes redefined (0 events):
No events

Internal exceptions (10 events):
Event: 4.737 Thread 0x00000188a4eef000 Exception <a 'java/lang/ArrayIndexOutOfBoundsException'> (0x00000000d5f7ee10) thrown at [C:\jenkins\workspace\8-2-build-windows-amd64-cygwin\jdk8u261\295\hotspot\src\share\vm\runtime\sharedRuntime.cpp, line 605]
Event: 4.737 Thread 0x00000188a4eef000 Exception <a 'java/lang/ArrayIndexOutOfBoundsException'> (0x00000000d5f934b0) thrown at [C:\jenkins\workspace\8-2-build-windows-amd64-cygwin\jdk8u261\295\hotspot\src\share\vm\runtime\sharedRuntime.cpp, line 605]
Event: 6.996 Thread 0x00000188a4eef000 Exception <a 'java/lang/NoSuchMethodError': java.lang.Object.lambda$get$0(Ljava/util/function/Supplier;Ljava/lang/Object;)Ljava/lang/Object;> (0x00000000d56af6f0) thrown at [C:\jenkins\workspace\8-2-build-windows-amd64-cygwin\jdk8u261\295\hotspot\src\shar
Event: 8.422 Thread 0x00000188a4eef000 Exception <a 'java/io/IOException'> (0x00000000d5a12740) thrown at [C:\jenkins\workspace\8-2-build-windows-amd64-cygwin\jdk8u261\295\hotspot\src\share\vm\prims\jni.cpp, line 710]
Event: 8.678 Thread 0x00000188bc8b2000 Exception <a 'java/lang/NoSuchMethodError': <clinit>> (0x00000000d5ce9448) thrown at [C:\jenkins\workspace\8-2-build-windows-amd64-cygwin\jdk8u261\295\hotspot\src\share\vm\prims\jni.cpp, line 1615]
Event: 8.687 Thread 0x00000188bc8b2000 Exception <a 'java/lang/NoSuchMethodError': <clinit>> (0x00000000d5d011e8) thrown at [C:\jenkins\workspace\8-2-build-windows-amd64-cygwin\jdk8u261\295\hotspot\src\share\vm\prims\jni.cpp, line 1615]
Event: 8.690 Thread 0x00000188bc8b2000 Exception <a 'java/lang/NoSuchMethodError': <clinit>> (0x00000000d5d09da0) thrown at [C:\jenkins\workspace\8-2-build-windows-amd64-cygwin\jdk8u261\295\hotspot\src\share\vm\prims\jni.cpp, line 1615]
Event: 8.698 Thread 0x00000188bc8b2000 Exception <a 'java/lang/NoSuchMethodError': <clinit>> (0x00000000d5d1fd50) thrown at [C:\jenkins\workspace\8-2-build-windows-amd64-cygwin\jdk8u261\295\hotspot\src\share\vm\prims\jni.cpp, line 1615]
Event: 9.381 Thread 0x00000188bd726000 Exception <a 'java/lang/NoSuchMethodError': java.lang.Object.lambda$static$0(Lorg/gradle/internal/state/ModelObject;)Ljava/lang/String;> (0x00000000d72d4c00) thrown at [C:\jenkins\workspace\8-2-build-windows-amd64-cygwin\jdk8u261\295\hotspot\src\share\vm\
Event: 9.523 Thread 0x00000188bd726000 Implicit null exception at 0x00000188a6b9e0ef to 0x00000188a6b9e7a5

Events (10 events):
Event: 9.684 loading class org/gradle/internal/buildtree/NestedBuildTree
Event: 9.684 loading class org/gradle/internal/buildtree/NestedBuildTree done
Event: 9.684 loading class org/gradle/internal/build/StandAloneNestedBuild
Event: 9.684 loading class org/gradle/internal/build/StandAloneNestedBuild done
Event: 9.686 loading class org/gradle/internal/build/NestedBuildState
Event: 9.686 loading class org/gradle/internal/build/NestedBuildState done
Event: 9.687 loading class org/gradle/internal/build/BuildLifecycleControllerFactory
Event: 9.687 loading class org/gradle/internal/build/BuildLifecycleControllerFactory done
Event: 9.689 loading class org/gradle/composite/internal/DefaultIncludedBuildFactory
Event: 9.689 loading class org/gradle/composite/internal/DefaultIncludedBuildFactory done


Dynamic libraries:
0x00007ff6c3aa0000 - 0x00007ff6c3ae7000 	C:\Program Files\Java\jdk1.8.0_261\bin\java.exe
0x00007ffd3a2d0000 - 0x00007ffd3a4c5000 	C:\Windows\SYSTEM32\ntdll.dll
0x00007ffd39200000 - 0x00007ffd392bd000 	C:\Windows\System32\KERNEL32.DLL
0x00007ffd37d70000 - 0x00007ffd3803d000 	C:\Windows\System32\KERNELBASE.dll
0x00007ffd35300000 - 0x00007ffd35390000 	C:\Windows\SYSTEM32\apphelp.dll
0x00007ffd39a10000 - 0x00007ffd39abe000 	C:\Windows\System32\ADVAPI32.dll
0x00007ffd39db0000 - 0x00007ffd39e4e000 	C:\Windows\System32\msvcrt.dll
0x00007ffd39bb0000 - 0x00007ffd39c4c000 	C:\Windows\System32\sechost.dll
0x00007ffd38b10000 - 0x00007ffd38c35000 	C:\Windows\System32\RPCRT4.dll
0x00007ffd38970000 - 0x00007ffd38b10000 	C:\Windows\System32\USER32.dll
0x00007ffd38130000 - 0x00007ffd38152000 	C:\Windows\System32\win32u.dll
0x00007ffd39c50000 - 0x00007ffd39c7a000 	C:\Windows\System32\GDI32.dll
0x00007ffd38210000 - 0x00007ffd3831b000 	C:\Windows\System32\gdi32full.dll
0x00007ffd38090000 - 0x00007ffd3812d000 	C:\Windows\System32\msvcp_win.dll
0x00007ffd37c70000 - 0x00007ffd37d70000 	C:\Windows\System32\ucrtbase.dll
0x00007ffd2a530000 - 0x00007ffd2a7ca000 	C:\Windows\WinSxS\amd64_microsoft.windows.common-controls_6595b64144ccf1df_6.0.19041.1110_none_60b5254171f9507e\COMCTL32.dll
0x00007ffd384c0000 - 0x00007ffd384f0000 	C:\Windows\System32\IMM32.DLL
0x00007ffd31360000 - 0x00007ffd31375000 	C:\Program Files\Java\jdk1.8.0_261\jre\bin\vcruntime140.dll
0x00007ffd1bcd0000 - 0x00007ffd1bd6b000 	C:\Program Files\Java\jdk1.8.0_261\jre\bin\msvcp140.dll
0x0000000056b40000 - 0x00000000573ac000 	C:\Program Files\Java\jdk1.8.0_261\jre\bin\server\jvm.dll
0x00007ffd39ad0000 - 0x00007ffd39ad8000 	C:\Windows\System32\PSAPI.DLL
0x00007ffd30d60000 - 0x00007ffd30d69000 	C:\Windows\SYSTEM32\WSOCK32.dll
0x00007ffd2a9f0000 - 0x00007ffd2aa17000 	C:\Windows\SYSTEM32\WINMM.dll
0x00007ffd32a70000 - 0x00007ffd32a7a000 	C:\Windows\SYSTEM32\VERSION.dll
0x00007ffd39ae0000 - 0x00007ffd39b4b000 	C:\Windows\System32\WS2_32.dll
0x00007ffd358e0000 - 0x00007ffd358f2000 	C:\Windows\SYSTEM32\kernel.appcore.dll
0x00007ffd32290000 - 0x00007ffd322a0000 	C:\Program Files\Java\jdk1.8.0_261\jre\bin\verify.dll
0x00007ffd28bd0000 - 0x00007ffd28bfb000 	C:\Program Files\Java\jdk1.8.0_261\jre\bin\java.dll
0x00007ffd1eb20000 - 0x00007ffd1eb38000 	C:\Program Files\Java\jdk1.8.0_261\jre\bin\zip.dll
0x00007ffd392c0000 - 0x00007ffd39a04000 	C:\Windows\System32\SHELL32.dll
0x00007ffd35ae0000 - 0x00007ffd36274000 	C:\Windows\SYSTEM32\windows.storage.dll
0x00007ffd384f0000 - 0x00007ffd38844000 	C:\Windows\System32\combase.dll
0x00007ffd37370000 - 0x00007ffd3739c000 	C:\Windows\SYSTEM32\Wldp.dll
0x00007ffd383f0000 - 0x00007ffd3849d000 	C:\Windows\System32\SHCORE.dll
0x00007ffd390c0000 - 0x00007ffd39115000 	C:\Windows\System32\shlwapi.dll
0x00007ffd37920000 - 0x00007ffd3793f000 	C:\Windows\SYSTEM32\profapi.dll
0x00007ffd1eb00000 - 0x00007ffd1eb1c000 	C:\Program Files\Java\jdk1.8.0_261\jre\bin\net.dll
0x00007ffd370d0000 - 0x00007ffd3713a000 	C:\Windows\system32\mswsock.dll
0x00007ffd1d200000 - 0x00007ffd1d213000 	C:\Program Files\Java\jdk1.8.0_261\jre\bin\nio.dll
0x00007ffd1d0d0000 - 0x00007ffd1d0f7000 	C:\Users\sara-\.gradle\native\e1d6ef7f7dcc3fd88c89a11ec53ec762bb8ba0a96d01ffa2cd45eb1d1d8dd5c5\windows-amd64\native-platform.dll
0x00007ffd0e970000 - 0x00007ffd0eab4000 	C:\Users\sara-\.gradle\native\5664cfc778a61ccfe75a443a1ab52a65af34e5dc3c78e0209fed803814484fcb\windows-amd64\native-platform-file-events.dll
0x00007ffd32170000 - 0x00007ffd3217d000 	C:\Program Files\Java\jdk1.8.0_261\jre\bin\management.dll
0x00007ffd372d0000 - 0x00007ffd372e8000 	C:\Windows\SYSTEM32\CRYPTSP.dll
0x00007ffd36a50000 - 0x00007ffd36a84000 	C:\Windows\system32\rsaenh.dll
0x00007ffd37c40000 - 0x00007ffd37c67000 	C:\Windows\System32\bcrypt.dll
0x00007ffd378e0000 - 0x00007ffd3790e000 	C:\Windows\SYSTEM32\USERENV.dll
0x00007ffd379e0000 - 0x00007ffd37a62000 	C:\Windows\System32\bcryptprimitives.dll
0x00007ffd372c0000 - 0x00007ffd372cc000 	C:\Windows\SYSTEM32\CRYPTBASE.dll
0x00007ffd36dc0000 - 0x00007ffd36dfb000 	C:\Windows\SYSTEM32\IPHLPAPI.DLL
0x00007ffd3a280000 - 0x00007ffd3a288000 	C:\Windows\System32\NSI.dll
0x00007ffd30ca0000 - 0x00007ffd30cb7000 	C:\Windows\SYSTEM32\dhcpcsvc6.DLL
0x00007ffd30bc0000 - 0x00007ffd30bdd000 	C:\Windows\SYSTEM32\dhcpcsvc.DLL
0x00007ffd36e00000 - 0x00007ffd36ecb000 	C:\Windows\SYSTEM32\DNSAPI.dll
0x00007ffd31b40000 - 0x00007ffd31d24000 	C:\Windows\SYSTEM32\dbghelp.dll

VM Arguments:
jvm_args: -Xmx2048m -Dfile.encoding=UTF-8 -Duser.country=FR -Duser.language=fr -Duser.variant 
java_command: org.gradle.launcher.daemon.bootstrap.GradleDaemon 7.3.3
java_class_path (initial): C:\Users\sara-\.gradle\wrapper\dists\gradle-7.3.3-bin\6a41zxkdtcxs8rphpq6y0069z\gradle-7.3.3\lib\gradle-launcher-7.3.3.jar
Launcher Type: SUN_STANDARD

Environment Variables:
JAVA_HOME=C:\Program Files\Java\jdk1.8.0_261
PATH=C:\lustre\lustre-v4-III-c-cygwin64\bin;C:\Windows;C:\Windows\System32\Wbem;C:\Windows\System32\WindowsPowerShell\v1.0\;C:\Windows\System32\OpenSSH\;C:\Program Files\Git\cmd;C:\Program Files\nodejs\;C:\Users\sara-\AppData\Local\Android\Sdk\tools;C:\Users\sara-\AppData\Local\Android\Sdk\platforms;C:\Users\sara-\AppData\Local\Android\Sdk\tools\bin;C:\Users\sara-\AppData\Local\Android\Sdk\platform-tools;C:\Users\sara-\AppData\gradle-6.7\bin;C:\Users\sara-\AppData\Roaming\Dashlane\6.2041.0.39937\bin\Firefox_Extension\{442718d9-475e-452a-b3e1-fb1ee16b8e9f}\components;C:\Users\sara-\AppData\Roaming\Dashlane\6.2041.0.39937\ucrt;C:\Users\sara-\AppData\Roaming\Dashlane\6.2041.0.39937\bin\Qt;C:\Users\sara-\AppData\Roaming\Dashlane\6.2041.0.39937\bin\Ssl;C:\Users\sara-\AppData\Roaming\npm;C:\Users\sara-\AppData\Local\atom\bin;C:\Users\sara-\AppData\Local\Pandoc\;C:\Users\sara-\AppData\Local\Programs\Microsoft VS Code\bin
USERNAME=sara-
OS=Windows_NT
PROCESSOR_IDENTIFIER=Intel64 Family 6 Model 78 Stepping 3, GenuineIntel



---------------  S Y S T E M  ---------------

OS: Windows 10.0 , 64 bit Build 19041 (10.0.19041.1706)

CPU:total 4 (initial active 4) (2 cores per cpu, 2 threads per core) family 6 model 78 stepping 3, cmov, cx8, fxsr, mmx, sse, sse2, sse3, ssse3, sse4.1, sse4.2, popcnt, avx, avx2, aes, clmul, erms, 3dnowpref, lzcnt, ht, tsc, tscinvbit, bmi1, bmi2, adx

Memory: 4k page, physical 4066020k(62944k free), swap 14539744k(1016k free)

vm_info: Java HotSpot(TM) 64-Bit Server VM (25.261-b12) for windows-amd64 JRE (1.8.0_261-b12), built on Jun 18 2020 06:56:32 by "" with unknown MS VC++:1916

time: Mon May 30 03:45:51 2022
timezone: Paris, Madrid (heure d’été)
elapsed time: 9 seconds (0d 0h 0m 9s)

